

*******************************************************************************
Mon Sep 19 11:11:13 2016


FIT:    data read from "v_eff.dat" using 1:2
        format = x:z
        x range restricted to [1.00000 : 2000.00]
        #datapoints = 3
        residuals are weighted equally (unit weight)

function used for fitting: f1(x)
	f1(x)=a*x+b
fitted parameters initialized with current variable values

iter      chisq       delta/lim  lambda   a             b            
   0 6.6082283000e+07   0.00e+00  6.17e+02    1.000000e+00   1.000000e+00
   6 6.3489392193e+06  -2.23e-02  6.17e-04    3.858796e+00   2.426211e+03

After 6 iterations the fit converged.
final sum of squares of residuals : 6.34894e+06
rel. change during last iteration : -2.22535e-07

degrees of freedom    (FIT_NDF)                        : 1
rms of residuals      (FIT_STDFIT) = sqrt(WSSR/ndf)    : 2519.71
variance of residuals (reduced chisquare) = WSSR/ndf   : 6.34894e+06

Final set of parameters            Asymptotic Standard Error
=======================            ==========================
a               = 3.8588           +/- 2.184        (56.61%)
b               = 2426.21          +/- 1905         (78.54%)

correlation matrix of the fit parameters:
                a      b      
a               1.000 
b              -0.646  1.000 


*******************************************************************************
Mon Sep 19 11:11:33 2016


FIT:    data read from "v_eff.dat" using 1:2
        format = x:z
        x range restricted to [1.00000 : 2000.00]
        #datapoints = 3
        residuals are weighted equally (unit weight)

function used for fitting: f1(x)
	f1(x)=a*x+b
fitted parameters initialized with current variable values

iter      chisq       delta/lim  lambda   a             b            
   0 6.6082283000e+07   0.00e+00  6.17e+02    1.000000e+00   1.000000e+00
   6 6.3489392193e+06  -2.23e-02  6.17e-04    3.858796e+00   2.426211e+03

After 6 iterations the fit converged.
final sum of squares of residuals : 6.34894e+06
rel. change during last iteration : -2.22535e-07

degrees of freedom    (FIT_NDF)                        : 1
rms of residuals      (FIT_STDFIT) = sqrt(WSSR/ndf)    : 2519.71
variance of residuals (reduced chisquare) = WSSR/ndf   : 6.34894e+06

Final set of parameters            Asymptotic Standard Error
=======================            ==========================
a               = 3.8588           +/- 2.184        (56.61%)
b               = 2426.21          +/- 1905         (78.54%)

correlation matrix of the fit parameters:
                a      b      
a               1.000 
b              -0.646  1.000 


*******************************************************************************
Mon Sep 19 11:12:01 2016


FIT:    data read from "v_eff.dat" using 1:2
        format = x:z
        x range restricted to [1.00000 : 2000.00]
        #datapoints = 3
        residuals are weighted equally (unit weight)

function used for fitting: f1(x)
	f1(x)=a*x+b
fitted parameters initialized with current variable values

iter      chisq       delta/lim  lambda   a             b            
   0 6.6082283000e+07   0.00e+00  6.17e+02    1.000000e+00   1.000000e+00
   6 6.3489392193e+06  -2.23e-02  6.17e-04    3.858796e+00   2.426211e+03

After 6 iterations the fit converged.
final sum of squares of residuals : 6.34894e+06
rel. change during last iteration : -2.22535e-07

degrees of freedom    (FIT_NDF)                        : 1
rms of residuals      (FIT_STDFIT) = sqrt(WSSR/ndf)    : 2519.71
variance of residuals (reduced chisquare) = WSSR/ndf   : 6.34894e+06

Final set of parameters            Asymptotic Standard Error
=======================            ==========================
a               = 3.8588           +/- 2.184        (56.61%)
b               = 2426.21          +/- 1905         (78.54%)

correlation matrix of the fit parameters:
                a      b      
a               1.000 
b              -0.646  1.000 


*******************************************************************************
Mon Sep 19 11:13:20 2016


FIT:    data read from "v_eff.dat" using 1:2
        format = x:z
        x range restricted to [1.00000 : 2000.00]
        #datapoints = 3
        residuals are weighted equally (unit weight)

function used for fitting: f1(x)
	f1(x)=b*x**a
fitted parameters initialized with current variable values

iter      chisq       delta/lim  lambda   a             b            
   0 6.6106500000e+07   0.00e+00  4.55e+03    1.000000e+00   1.000000e+00
 207 1.4646087671e+06  -2.25e-04  4.55e-02    3.191117e-01   7.985419e+02

After 207 iterations the fit converged.
final sum of squares of residuals : 1.46461e+06
rel. change during last iteration : -2.24657e-09

degrees of freedom    (FIT_NDF)                        : 1
rms of residuals      (FIT_STDFIT) = sqrt(WSSR/ndf)    : 1210.21
variance of residuals (reduced chisquare) = WSSR/ndf   : 1.46461e+06

Final set of parameters            Asymptotic Standard Error
=======================            ==========================
a               = 0.319112         +/- 0.1108       (34.73%)
b               = 798.542          +/- 605.4        (75.81%)

correlation matrix of the fit parameters:
                a      b      
a               1.000 
b              -0.985  1.000 


*******************************************************************************
Mon Sep 19 11:14:22 2016


FIT:    data read from "v_eff.dat" using 1:2
        format = x:z
        x range restricted to [10.0000 : 180.000]
        #datapoints = 2
        residuals are weighted equally (unit weight)

function used for fitting: f1(x)
	f1(x)=b*x**a
fitted parameters initialized with current variable values

iter      chisq       delta/lim  lambda   a             b            
   0 2.3856500000e+07   0.00e+00  4.77e+02    1.000000e+00   1.000000e+00
 326 1.2924697071e-26   0.00e+00  4.77e-01    6.340297e-01   1.858062e+02

After 326 iterations the fit converged.
final sum of squares of residuals : 1.29247e-26
rel. change during last iteration : 0


Exactly as many data points as there are parameters.
In this degenerate case, all errors are zero by definition.

Final set of parameters 
======================= 

a               = 0.63403        
b               = 185.806        


*******************************************************************************
Mon Sep 19 11:14:22 2016


FIT:    data read from "v_eff.dat" using 1:2
        format = x:z
        x range restricted to [180.000 : 1500.00]
        #datapoints = 2
        residuals are weighted equally (unit weight)

function used for fitting: f2(x)
	f2(x)=c*x**d
fitted parameters initialized with current variable values

iter      chisq       delta/lim  lambda   c             d            
   0 6.5482400000e+07   0.00e+00  5.58e+03    1.000000e+00   1.000000e+00
 230 0.0000000000e+00  -inf       5.58e-08    1.581389e+03   2.216723e-01

After 230 iterations the fit converged.
final sum of squares of residuals : 0
abs. change during last iteration : -3.63703e-20


Exactly as many data points as there are parameters.
In this degenerate case, all errors are zero by definition.

Final set of parameters 
======================= 

c               = 1581.39        
d               = 0.221672       
